c:\users\scien\downloads\reported v3 - made by yangerone\x64\release\vc143.pdb
c:\users\scien\downloads\reported v3 - made by yangerone\x64\release\script.obj
c:\users\scien\downloads\reported v3 - made by yangerone\x64\release\recoiltables.obj
c:\users\scien\downloads\reported v3 - made by yangerone\x64\release\main.obj
c:\users\scien\downloads\reported v3 - made by yangerone\x64\release\imgui_widgets.obj
c:\users\scien\downloads\reported v3 - made by yangerone\x64\release\imgui_impl_win32.obj
c:\users\scien\downloads\reported v3 - made by yangerone\x64\release\imgui_impl_dx9.obj
c:\users\scien\downloads\reported v3 - made by yangerone\x64\release\imgui_draw.obj
c:\users\scien\downloads\reported v3 - made by yangerone\x64\release\imgui.obj
c:\users\scien\downloads\reported v3 - made by yangerone\x64\release\config.obj
c:\users\scien\downloads\reported v3 - made by yangerone\x64\release\autodetection.obj
c:\users\scien\downloads\reported v3 - made by yangerone\x64\release\reported.exe
c:\users\scien\downloads\reported v3 - made by yangerone\x64\release\reported.pdb
c:\users\scien\downloads\reported v3 - made by yangerone\x64\release\reported.exe.intermediate.manifest
c:\users\scien\downloads\reported v3 - made by yangerone (1)\x64\release\autodetection.obj
c:\users\scien\downloads\reported v3 - made by yangerone (1)\x64\release\config.obj
c:\users\scien\downloads\reported v3 - made by yangerone (1)\x64\release\imgui.obj
c:\users\scien\downloads\reported v3 - made by yangerone (1)\x64\release\imgui_draw.obj
c:\users\scien\downloads\reported v3 - made by yangerone (1)\x64\release\imgui_impl_dx9.obj
c:\users\scien\downloads\reported v3 - made by yangerone (1)\x64\release\imgui_impl_win32.obj
c:\users\scien\downloads\reported v3 - made by yangerone (1)\x64\release\imgui_widgets.obj
c:\users\scien\downloads\reported v3 - made by yangerone (1)\x64\release\main.obj
c:\users\scien\downloads\reported v3 - made by yangerone (1)\x64\release\recoiltables.obj
c:\users\scien\downloads\reported v3 - made by yangerone (1)\x64\release\script.obj
c:\users\scien\downloads\reported v3 - made by yangerone (1)\x64\release\reported.exe.intermediate.manifest
c:\users\scien\downloads\reported v3 - made by yangerone (1)\x64\release\reported.pdb
c:\users\scien\downloads\reported v3 - made by yangerone (1)\x64\release\vc143.pdb
c:\users\scien\downloads\reported v3 - made by yangerone (1)\x64\release\reported.tlog\cl.command.1.tlog
c:\users\scien\downloads\reported v3 - made by yangerone (1)\x64\release\reported.tlog\cl.read.1.tlog
c:\users\scien\downloads\reported v3 - made by yangerone (1)\x64\release\reported.tlog\cl.write.1.tlog
c:\users\scien\downloads\reported v3 - made by yangerone (1)\x64\release\reported.tlog\link.command.1.tlog
c:\users\scien\downloads\reported v3 - made by yangerone (1)\x64\release\reported.tlog\link.read.1.tlog
c:\users\scien\downloads\reported v3 - made by yangerone (1)\x64\release\reported.tlog\link.write.1.tlog
c:\users\scien\downloads\reported v3 - made by yangerone (1)\x64\release\reported.tlog\mt-svchost.read.1.tlog
c:\users\scien\downloads\reported v3 - made by yangerone (1)\x64\release\reported.tlog\mt.command.1.tlog
c:\users\scien\downloads\reported v3 - made by yangerone (1)\x64\release\reported.tlog\mt.read.1.tlog
c:\users\scien\downloads\reported v3 - made by yangerone (1)\x64\release\reported.tlog\mt.write.1.tlog
